2021-06-10 13:03:22 DEBUG ArrayDeterminationServiceImpl:23 - invalid array
2021-06-10 13:09:34 INFO  ArrayDeterminationServiceImpl:53 - determinationNegative test
2021-06-10 13:09:55 INFO  ArrayDeterminationServiceImpl:23 - determinationAmount test
2021-06-10 13:09:55 INFO  ArrayDeterminationServiceImpl:43 - determinationPositive test
2021-06-10 13:09:55 INFO  ArrayDeterminationServiceImpl:33 - determinationAverage test
2021-06-10 13:09:55 INFO  ArrayDeterminationServiceImpl:53 - determinationNegative test
2021-06-10 13:19:14 INFO  ArrayExceptionServiceTest:31 - findMax test
2021-06-10 13:19:14 INFO  ArrayExceptionServiceTest:21 - findMin test
2021-06-10 13:19:14 INFO  ArrayDeterminationServiceImpl:22 - determinationAmount test
2021-06-10 13:19:14 INFO  ArrayDeterminationServiceImpl:40 - determinationPositive test
2021-06-10 13:19:14 INFO  ArrayDeterminationServiceImpl:31 - determinationAverage test
2021-06-10 13:19:14 INFO  ArrayDeterminationServiceImpl:49 - determinationNegative test
2021-06-10 13:19:14 INFO  ArrayReplacementServiceTest:19 - replacementZero test
2021-06-10 13:19:14 INFO  ArrayExceptionServiceTest:17 - ArrayException test
2021-06-10 13:19:53 INFO  ArrayFindServiceTest:31 - findMax test
2021-06-10 13:19:53 INFO  ArrayFindServiceTest:21 - findMin test
2021-06-10 13:19:53 INFO  ArrayDeterminationServiceImpl:22 - determinationAmount test
2021-06-10 13:19:53 INFO  ArrayDeterminationServiceImpl:40 - determinationPositive test
2021-06-10 13:19:53 INFO  ArrayDeterminationServiceImpl:31 - determinationAverage test
2021-06-10 13:19:53 INFO  ArrayDeterminationServiceImpl:49 - determinationNegative test
2021-06-10 13:19:53 INFO  ArrayReplacementServiceTest:19 - replacementZero test
2021-06-10 13:19:53 INFO  ArrayExceptionServiceTest:17 - ArrayException test
2021-06-10 13:21:53 INFO  ArrayFindServiceTest:31 - findMax test
2021-06-10 13:21:53 INFO  ArrayFindServiceTest:21 - findMin test
2021-06-10 13:21:53 INFO  ArrayDeterminationServiceTest:22 - determinationAmount test
2021-06-10 13:21:53 INFO  ArrayDeterminationServiceTest:40 - determinationPositive test
2021-06-10 13:21:53 INFO  ArrayDeterminationServiceTest:31 - determinationAverage test
2021-06-10 13:21:53 INFO  ArrayDeterminationServiceTest:49 - determinationNegative test
2021-06-10 13:21:53 INFO  ArrayReplacementServiceTest:19 - replacementZero test
2021-06-10 13:21:53 INFO  ArrayExceptionServiceTest:17 - ArrayException test
